
Started GET /posts for :: ::1 at Tue Mar 12 2024 09:56:05 GMT-0300 (Chile Summer Time)
  Parameters in body: {}
Completed: 200 message:  Time response: 161 ms Request ID: [6030d11b-1013-4802-8637-3ad807557c03]

Started GET /posts for :: ::1 at Tue Mar 12 2024 09:56:06 GMT-0300 (Chile Summer Time)
  Parameters in body: {}
Completed: 304 message:  Time response: 3 ms Request ID: [bf471ab2-ec38-42ad-928e-56c08f4e3ff8]

Started DELETE /posts/3 for :: ::1 at Tue Mar 12 2024 09:56:15 GMT-0300 (Chile Summer Time)
  Parameters in body: {}
Completed: 404 message:  Time response: 14 ms Request ID: [087c2e8a-a5e5-40a1-8d62-90e2e73882ae]

Started GET /posts for :: ::1 at Tue Mar 12 2024 10:07:20 GMT-0300 (Chile Summer Time)
  Parameters in body: {}
Completed: 304 message:  Time response: 34 ms Request ID: [384d1a12-bae1-4384-af8b-ea29fe69d997]

Started GET /posts for :: ::1 at Tue Mar 12 2024 10:07:20 GMT-0300 (Chile Summer Time)
  Parameters in body: {}
Completed: 304 message:  Time response: 3 ms Request ID: [b15e384a-3d95-4b63-98cf-e72ae88ab1cd]

Started DELETE /posts/3 for :: ::1 at Tue Mar 12 2024 10:07:22 GMT-0300 (Chile Summer Time)
  Parameters in body: {}
Completed: 404 message:  Time response: 2 ms Request ID: [f877c011-df46-48bd-8b0a-78d55f91f375]

Started GET /posts for :: ::1 at Tue Mar 12 2024 10:07:25 GMT-0300 (Chile Summer Time)
  Parameters in body: {}
Completed: 304 message:  Time response: 2 ms Request ID: [174d0f9e-3ece-4283-a65d-d21f507cab1c]

Started GET /posts for :: ::1 at Tue Mar 12 2024 10:07:25 GMT-0300 (Chile Summer Time)
  Parameters in body: {}
Completed: 304 message:  Time response: 3 ms Request ID: [76ba729a-90fd-4d76-8c3b-5a7ab77cb06e]

Started PUT /posts/like/3 for :: ::1 at Tue Mar 12 2024 10:24:52 GMT-0300 (Chile Summer Time)
  Parameters in body: {}
Completed: 404 message:  Time response: 3 ms Request ID: [4bf72522-becb-4b61-9463-8631b9c301c7]

Started PUT /posts/like/3 for :: ::1 at Tue Mar 12 2024 10:24:52 GMT-0300 (Chile Summer Time)
  Parameters in body: {}
Completed: 404 message:  Time response: 3 ms Request ID: [5565a2ae-f960-4128-a0ac-542518737abd]

Started PUT /posts/like/3 for :: ::1 at Tue Mar 12 2024 10:24:53 GMT-0300 (Chile Summer Time)
  Parameters in body: {}
Completed: 404 message:  Time response: 3 ms Request ID: [6302a1c4-61ac-4c5f-8e34-5e0995d6e4fb]

Started PUT /posts/like/3 for :: ::1 at Tue Mar 12 2024 10:24:53 GMT-0300 (Chile Summer Time)
  Parameters in body: {}
Completed: 404 message:  Time response: 3 ms Request ID: [531e2ce4-c065-46ea-a1e6-8c4085f9e206]

Started PUT /posts/like/3 for :: ::1 at Tue Mar 12 2024 10:24:53 GMT-0300 (Chile Summer Time)
  Parameters in body: {}
Completed: 404 message:  Time response: 4 ms Request ID: [7f66235d-8919-4a3f-b6bf-b5a683fd02c9]

Started PUT /posts/like/3 for :: ::1 at Tue Mar 12 2024 10:24:54 GMT-0300 (Chile Summer Time)
  Parameters in body: {}
Completed: 404 message:  Time response: 3 ms Request ID: [3c95c6df-0052-4374-93da-b32835814173]

Started PUT /posts/like/3 for :: ::1 at Tue Mar 12 2024 10:24:54 GMT-0300 (Chile Summer Time)
  Parameters in body: {}
Completed: 404 message:  Time response: 2 ms Request ID: [0cc47d9f-260c-4403-9466-815acc9f2124]

Started PUT /posts/like/3 for :: ::1 at Tue Mar 12 2024 10:24:54 GMT-0300 (Chile Summer Time)
  Parameters in body: {}
Completed: 404 message:  Time response: 2 ms Request ID: [4210ff8a-597e-4458-b666-d06a01271b84]

Started PUT /posts/like/3 for :: ::1 at Tue Mar 12 2024 10:24:55 GMT-0300 (Chile Summer Time)
  Parameters in body: {}
Completed: 404 message:  Time response: 2 ms Request ID: [52458f95-c918-49b5-b976-f98d8495dfad]

Started PUT /posts/like/3 for :: ::1 at Tue Mar 12 2024 10:24:55 GMT-0300 (Chile Summer Time)
  Parameters in body: {}
Completed: 404 message:  Time response: 3 ms Request ID: [fdf87feb-b234-436b-a70c-72805b7b63dd]

Started PUT /posts/like/3 for :: ::1 at Tue Mar 12 2024 10:24:55 GMT-0300 (Chile Summer Time)
  Parameters in body: {}
Completed: 404 message:  Time response: 10 ms Request ID: [1a49173f-c5cd-430a-b1e3-fa3013260ff6]

Started GET /posts for :: ::1 at Tue Mar 12 2024 10:26:27 GMT-0300 (Chile Summer Time)
  Parameters in body: {}
Completed: 304 message:  Time response: 36 ms Request ID: [051e23e0-0455-40c5-928a-9ebf9728dfc1]

Started GET /posts for :: ::1 at Tue Mar 12 2024 10:26:27 GMT-0300 (Chile Summer Time)
  Parameters in body: {}
Completed: 304 message:  Time response: 2 ms Request ID: [61c01533-fb8a-4b90-a210-89106cc0745e]

Started GET /3 for :: ::1 at Tue Mar 12 2024 10:26:48 GMT-0300 (Chile Summer Time)
  Parameters in body: {}
Completed: 404 message:  Time response: 2 ms Request ID: [e3cfdf9e-1574-4774-833b-e05107f9aaa0]

Started GET / for :: ::1 at Tue Mar 12 2024 10:26:52 GMT-0300 (Chile Summer Time)
  Parameters in body: {}
Completed: 404 message:  Time response: 2 ms Request ID: [0ee6d535-9cfa-4016-b862-824582e2a98d]

Started GET / for :: ::1 at Tue Mar 12 2024 10:27:10 GMT-0300 (Chile Summer Time)
  Parameters in body: {}
Completed: 404 message:  Time response: 2 ms Request ID: [3fe2ef0d-6f6a-42f6-8e38-b69bf6e6f41a]

Started GET /posts for :: ::1 at Tue Mar 12 2024 10:27:48 GMT-0300 (Chile Summer Time)
  Parameters in body: {}
Completed: 304 message:  Time response: 140 ms Request ID: [76fc1623-b5fc-4b09-a61f-765951c620a7]

Started GET /posts for :: ::1 at Tue Mar 12 2024 10:27:48 GMT-0300 (Chile Summer Time)
  Parameters in body: {}
Completed: 304 message:  Time response: 3 ms Request ID: [828c3335-8335-44aa-af9f-014e1b4c209d]

Started PUT /posts/like/3 for :: ::1 at Tue Mar 12 2024 10:27:54 GMT-0300 (Chile Summer Time)
  Parameters in body: {}
Completed: 404 message:  Time response: 2 ms Request ID: [99ee28a7-7776-4f19-90d3-98ed48d2e35e]

Started PUT /posts/like/3 for :: ::1 at Tue Mar 12 2024 10:29:22 GMT-0300 (Chile Summer Time)
  Parameters in body: {}
Completed: 500 message:  Time response: 9 ms Request ID: [f05e7215-2657-4b87-ba61-3c6a758ab8a4]

Started PUT /posts/like/3 for :: ::1 at Tue Mar 12 2024 10:30:12 GMT-0300 (Chile Summer Time)
  Parameters in body: {}
Completed: 200 message:  Time response: 45 ms Request ID: [894d1958-0948-494e-bc93-f84f0e0ca752]

Started PUT /posts/like/3 for :: ::1 at Tue Mar 12 2024 10:30:15 GMT-0300 (Chile Summer Time)
  Parameters in body: {}
Completed: 200 message:  Time response: 14 ms Request ID: [19fd68f2-c1b2-4b11-9b67-df50fbfc079d]

Started GET /posts for :: ::1 at Tue Mar 12 2024 10:31:15 GMT-0300 (Chile Summer Time)
  Parameters in body: {}
Completed: 304 message:  Time response: 31 ms Request ID: [dda44738-a385-4226-8e00-3f66ce4c3e10]

Started GET /posts for :: ::1 at Tue Mar 12 2024 10:31:15 GMT-0300 (Chile Summer Time)
  Parameters in body: {}
Completed: 304 message:  Time response: 2 ms Request ID: [770d50ad-23ec-4a76-89a5-fb9785924979]

Started PUT /posts/like/3 for :: ::1 at Tue Mar 12 2024 10:31:18 GMT-0300 (Chile Summer Time)
  Parameters in body: {}
Completed: 200 message:  Time response: 4 ms Request ID: [a05a3636-62d6-41d9-92f4-622552cc07d5]

Started PUT /posts/like/3 for :: ::1 at Tue Mar 12 2024 10:31:19 GMT-0300 (Chile Summer Time)
  Parameters in body: {}
Completed: 200 message:  Time response: 12 ms Request ID: [66e5bf6b-43b8-4cfc-8765-0d217f2223a1]

Started PUT /posts/like/3 for :: ::1 at Tue Mar 12 2024 10:35:08 GMT-0300 (Chile Summer Time)
  Parameters in body: {}
Completed: 200 message:  Time response: 42 ms Request ID: [c9219d4b-961c-4bea-bce3-06508459307b]

Started PUT /posts/like/3 for :: ::1 at Tue Mar 12 2024 10:35:09 GMT-0300 (Chile Summer Time)
  Parameters in body: {}
Completed: 200 message:  Time response: 13 ms Request ID: [54b76020-6b6a-4de6-aa50-dbd1dd7fe857]

Started PUT /posts/like/2 for :: ::1 at Tue Mar 12 2024 10:35:22 GMT-0300 (Chile Summer Time)
  Parameters in body: {}
Completed: 200 message:  Time response: 38 ms Request ID: [dafccf63-5050-46ee-b61a-993c4945ca51]

Started PUT /posts/like/2 for :: ::1 at Tue Mar 12 2024 10:35:34 GMT-0300 (Chile Summer Time)
  Parameters in body: {}
Completed: 200 message:  Time response: 36 ms Request ID: [3449c6e7-f5a6-4c6b-9525-9d9db2ae9ebb]

Started POST /posts for :: ::1 at Tue Mar 12 2024 10:35:46 GMT-0300 (Chile Summer Time)
  Parameters in body: {"titulo":"hola","img":"imagen","descripcion":"ptrp"}
Completed: 200 message:  Time response: 39 ms Request ID: [1b0df9bc-e9b3-445c-9f07-bca516606893]

Started PUT /posts/like/4 for :: ::1 at Tue Mar 12 2024 10:35:48 GMT-0300 (Chile Summer Time)
  Parameters in body: {}
Completed: 200 message:  Time response: 33 ms Request ID: [e1557130-3103-4b85-bece-feae3d390286]

Started PUT /posts/like/4 for :: ::1 at Tue Mar 12 2024 10:37:09 GMT-0300 (Chile Summer Time)
  Parameters in body: {}
Completed: 200 message:  Time response: 36 ms Request ID: [522693a4-f958-4941-a761-9107d9fb9dc3]

Started PUT /posts/like/4 for :: ::1 at Tue Mar 12 2024 10:37:09 GMT-0300 (Chile Summer Time)
  Parameters in body: {}
Completed: 200 message:  Time response: 13 ms Request ID: [ef1e4d82-0e01-4029-822a-4526092ccf1a]

Started PUT /posts/like/4 for :: ::1 at Tue Mar 12 2024 10:37:09 GMT-0300 (Chile Summer Time)
  Parameters in body: {}
Completed: 200 message:  Time response: 3 ms Request ID: [fbc0b177-5803-4b47-b16f-e1144146e2f7]

Started PUT /posts/like/4 for :: ::1 at Tue Mar 12 2024 10:37:09 GMT-0300 (Chile Summer Time)
  Parameters in body: {}
Completed: 200 message:  Time response: 4 ms Request ID: [6bda42bc-1bcd-47e4-9337-fd0e03852248]

Started GET /posts for :: ::1 at Tue Mar 12 2024 10:40:13 GMT-0300 (Chile Summer Time)
  Parameters in body: {}
Completed: 200 message:  Time response: 35 ms Request ID: [2d836121-c3ed-4a83-b0de-d0024222329b]

Started GET /posts for :: ::1 at Tue Mar 12 2024 10:40:13 GMT-0300 (Chile Summer Time)
  Parameters in body: {}
Completed: 304 message:  Time response: 2 ms Request ID: [ad7c6126-2240-421c-9636-7bcf9f2bfd63]

Started PUT /posts/like/3 for :: ::1 at Tue Mar 12 2024 10:40:16 GMT-0300 (Chile Summer Time)
  Parameters in body: {}
Completed: 200 message:  Time response: 5 ms Request ID: [729ceabc-a90d-4a4f-9407-aad47d50d62a]

Started PUT /posts/like/3 for :: ::1 at Tue Mar 12 2024 10:40:26 GMT-0300 (Chile Summer Time)
  Parameters in body: {}
Completed: 200 message:  Time response: 13 ms Request ID: [f2424941-f4a6-4358-a689-8692dc7c1df0]

Started GET /posts for :: ::1 at Tue Mar 12 2024 10:40:46 GMT-0300 (Chile Summer Time)
  Parameters in body: {}
Completed: 200 message:  Time response: 30 ms Request ID: [8cb11607-42fa-40a7-9c76-7898a5996d46]

Started GET /posts for :: ::1 at Tue Mar 12 2024 10:40:46 GMT-0300 (Chile Summer Time)
  Parameters in body: {}
Completed: 304 message:  Time response: 2 ms Request ID: [8a153652-bf83-4a7d-bfe2-009882502a07]

Started PUT /posts/like/4 for :: ::1 at Tue Mar 12 2024 10:41:01 GMT-0300 (Chile Summer Time)
  Parameters in body: {}
Completed: 200 message:  Time response: 37 ms Request ID: [ef561f56-6d9d-43ab-9436-c0eac8ca0496]

Started PUT /posts/like/4 for :: ::1 at Tue Mar 12 2024 10:41:01 GMT-0300 (Chile Summer Time)
  Parameters in body: {}
Completed: 200 message:  Time response: 3 ms Request ID: [92d8e611-026c-4419-96a1-f36640670242]

Started PUT /posts/like/4 for :: ::1 at Tue Mar 12 2024 10:41:01 GMT-0300 (Chile Summer Time)
  Parameters in body: {}
Completed: 200 message:  Time response: 5 ms Request ID: [83bf5471-c29d-4817-9a51-7edf10a07290]

Started PUT /posts/like/4 for :: ::1 at Tue Mar 12 2024 10:41:01 GMT-0300 (Chile Summer Time)
  Parameters in body: {}
Completed: 200 message:  Time response: 3 ms Request ID: [183aaa1a-b227-4f6d-ac9c-158f9177f938]

Started DELETE /posts/3 for :: ::1 at Tue Mar 12 2024 10:54:48 GMT-0300 (Chile Summer Time)
  Parameters in body: {}
Completed: 404 message:  Time response: 4 ms Request ID: [2afd15b0-9b2e-4a16-b6ea-c3584b12bffb]

Started DELETE /posts/4 for :: ::1 at Tue Mar 12 2024 10:54:51 GMT-0300 (Chile Summer Time)
  Parameters in body: {}
Completed: 404 message:  Time response: 2 ms Request ID: [e9db70fe-f529-4365-921f-4ab92af047d6]

Started GET /posts for :: ::1 at Tue Mar 12 2024 10:58:58 GMT-0300 (Chile Summer Time)
  Parameters in body: {}
Completed: 200 message:  Time response: 44 ms Request ID: [29f44a84-44ae-4ed9-9192-ca24080ea2f9]

Started GET /posts for :: ::1 at Tue Mar 12 2024 10:59:05 GMT-0300 (Chile Summer Time)
  Parameters in body: {}
Completed: 304 message:  Time response: 3 ms Request ID: [dc2d4762-f126-4f92-9c1e-45c6fd6736c4]

Started GET /posts for :: ::1 at Tue Mar 12 2024 10:59:05 GMT-0300 (Chile Summer Time)
  Parameters in body: {}
Completed: 304 message:  Time response: 3 ms Request ID: [26497469-621c-4651-93e5-3da71cad9a5b]

Started DELETE /posts/4 for :: ::1 at Tue Mar 12 2024 10:59:07 GMT-0300 (Chile Summer Time)
  Parameters in body: {}
Completed: 404 message:  Time response: 4 ms Request ID: [942a0df6-d20f-4c5b-9fa6-fd299407121e]

Started GET / for :: ::1 at Tue Mar 12 2024 11:01:49 GMT-0300 (Chile Summer Time)
  Parameters in body: {}
Completed: 404 message:  Time response: 3 ms Request ID: [3658ae4c-0121-47e4-8f7e-13c932d24fdc]

Started GET /posts for :: ::1 at Tue Mar 12 2024 11:01:56 GMT-0300 (Chile Summer Time)
  Parameters in body: {}
Completed: 304 message:  Time response: 31 ms Request ID: [4a5a4948-90d4-4684-8bb3-3c2afc585476]

Started GET /posts/4 for :: ::1 at Tue Mar 12 2024 11:02:14 GMT-0300 (Chile Summer Time)
  Parameters in body: {}
Completed: 404 message:  Time response: 3 ms Request ID: [b5beade6-582f-4a07-9c64-367801885d8c]

Started GET /posts for :: ::1 at Tue Mar 12 2024 11:03:43 GMT-0300 (Chile Summer Time)
  Parameters in body: {}
Completed: 304 message:  Time response: 31 ms Request ID: [d9e4a6e2-1009-428d-b6a7-c4eadb4e5e50]

Started DELETE /posts/4 for :: ::1 at Tue Mar 12 2024 11:04:43 GMT-0300 (Chile Summer Time)
  Parameters in body: {}
Completed: 404 message:  Time response: 2 ms Request ID: [d4ea897e-d6a2-4fe3-a8eb-546e692c419f]

Started DELETE /posts/3 for :: ::1 at Tue Mar 12 2024 11:04:58 GMT-0300 (Chile Summer Time)
  Parameters in body: {}
Completed: 404 message:  Time response: 2 ms Request ID: [544d0509-c6fa-4a55-b55d-c23bf97ee90d]

Started DELETE /posts/4 for :: ::ffff:127.0.0.1 at Tue Mar 12 2024 11:13:09 GMT-0300 (Chile Summer Time)
  Parameters in body: {}
Completed: 404 message:  Time response: 2 ms Request ID: [cf0326fe-3459-46dd-bf7c-8f80d96f16f3]

Started DELETE /posts/like/4 for :: ::ffff:127.0.0.1 at Tue Mar 12 2024 11:15:45 GMT-0300 (Chile Summer Time)
  Parameters in body: {}
Completed: 200 message:  Time response: 30 ms Request ID: [17cd5d44-a34b-4940-95d2-4f17847c2c2f]

Started GET /posts for :: ::1 at Tue Mar 12 2024 11:17:48 GMT-0300 (Chile Summer Time)
  Parameters in body: {}
Completed: 200 message:  Time response: 37 ms Request ID: [351134d3-90bd-4ccf-815f-bd7065facdc1]

Started GET /posts for :: ::1 at Tue Mar 12 2024 11:17:48 GMT-0300 (Chile Summer Time)
  Parameters in body: {}
Completed: 304 message:  Time response: 3 ms Request ID: [6eb145a5-b594-4559-9bbb-946dbaa0ce48]

Started DELETE /posts/3 for :: ::1 at Tue Mar 12 2024 11:17:54 GMT-0300 (Chile Summer Time)
  Parameters in body: {}
Completed: 404 message:  Time response: 1 ms Request ID: [c4d594a7-b6bd-40de-843c-58751ead7fd2]

Started GET /posts for :: ::1 at Tue Mar 12 2024 11:19:13 GMT-0300 (Chile Summer Time)
  Parameters in body: {}
Started GET /posts for :: ::1 at Tue Mar 12 2024 11:19:13 GMT-0300 (Chile Summer Time)
  Parameters in body: {}
Completed: 304 message:  Time response: 148 ms Request ID: [5cd5e8a0-b1be-49c9-bed0-3ae2d18b498f]

Completed: 304 message:  Time response: 5 ms Request ID: [bfaf099a-f50b-4a98-9603-dc9a586d45de]

Started DELETE /posts/3 for :: ::1 at Tue Mar 12 2024 11:19:15 GMT-0300 (Chile Summer Time)
  Parameters in body: {}
Completed: 200 message:  Time response: 4 ms Request ID: [8c77187d-acfb-4798-8d11-501950e1802a]

Started POST /posts for :: ::1 at Tue Mar 12 2024 11:19:34 GMT-0300 (Chile Summer Time)
  Parameters in body: {"titulo":"nuevopost","img":"sadlfkajsdlfk","descripcion":"otropost"}
Completed: 200 message:  Time response: 35 ms Request ID: [363c7ec4-9d24-4c34-8573-c7893360c9b1]

Started PUT /posts/like/5 for :: ::1 at Tue Mar 12 2024 11:19:35 GMT-0300 (Chile Summer Time)
  Parameters in body: {}
Completed: 200 message:  Time response: 4 ms Request ID: [6db43617-92ff-4ba0-8acb-f493776dd43e]

Started PUT /posts/like/5 for :: ::1 at Tue Mar 12 2024 11:19:36 GMT-0300 (Chile Summer Time)
  Parameters in body: {}
Completed: 200 message:  Time response: 13 ms Request ID: [74a27e0b-4287-44fd-9423-dc2eafc59038]

Started PUT /posts/like/5 for :: ::1 at Tue Mar 12 2024 11:19:37 GMT-0300 (Chile Summer Time)
  Parameters in body: {}
Completed: 200 message:  Time response: 4 ms Request ID: [ff15881d-1972-443c-a4a7-13a65c48bcb9]

Started GET /posts for :: ::1 at Tue Mar 12 2024 11:19:42 GMT-0300 (Chile Summer Time)
  Parameters in body: {}
Completed: 200 message:  Time response: 3 ms Request ID: [92fb334b-d163-41d0-97aa-d7f3e716602d]

Started GET /posts for :: ::1 at Tue Mar 12 2024 11:19:42 GMT-0300 (Chile Summer Time)
  Parameters in body: {}
Completed: 304 message:  Time response: 4 ms Request ID: [f7cbdc11-7747-4750-a31f-aab1e31dfc85]

Started PUT /posts/like/5 for :: ::1 at Tue Mar 12 2024 11:19:52 GMT-0300 (Chile Summer Time)
  Parameters in body: {}
Completed: 404 message:  Time response: 4 ms Request ID: [e051f564-1618-4b68-999a-0c7f957a4647]

Started PUT /posts/like/5 for :: ::1 at Tue Mar 12 2024 11:19:52 GMT-0300 (Chile Summer Time)
  Parameters in body: {}
Completed: 404 message:  Time response: 2 ms Request ID: [1235896b-9514-4e36-a7ae-9c583e06aef0]

Started PUT /posts/like/5 for :: ::1 at Tue Mar 12 2024 11:19:52 GMT-0300 (Chile Summer Time)
  Parameters in body: {}
Completed: 404 message:  Time response: 2 ms Request ID: [3b4148fe-41bc-46ba-8072-3d765607b84d]

Started GET /posts for :: ::1 at Tue Mar 12 2024 11:23:05 GMT-0300 (Chile Summer Time)
  Parameters in body: {}
Started GET /posts for :: ::1 at Tue Mar 12 2024 11:23:05 GMT-0300 (Chile Summer Time)
  Parameters in body: {}
Completed: 304 message:  Time response: 41 ms Request ID: [a091a556-27e0-441f-b34b-6df9462263f0]

Completed: 304 message:  Time response: 2 ms Request ID: [08a8279a-dd50-440f-a869-53be7b232ff6]

Started PUT /posts/like/5 for :: ::1 at Tue Mar 12 2024 11:23:07 GMT-0300 (Chile Summer Time)
  Parameters in body: {}
Completed: 500 message:  Time response: 4 ms Request ID: [209b29c9-4a9f-4937-983e-42f575d2ff81]

Started PUT /posts/like/5 for :: ::1 at Tue Mar 12 2024 11:23:07 GMT-0300 (Chile Summer Time)
  Parameters in body: {}
Completed: 500 message:  Time response: 3 ms Request ID: [97bf4ffa-c086-41ae-b6a2-b4cf9234c6e1]

Started PUT /posts/like/5 for :: ::1 at Tue Mar 12 2024 11:23:08 GMT-0300 (Chile Summer Time)
  Parameters in body: {}
Completed: 500 message:  Time response: 3 ms Request ID: [4725877c-a090-4c94-910b-2a8762e31d35]

Started GET /posts for :: ::1 at Tue Mar 12 2024 11:25:21 GMT-0300 (Chile Summer Time)
  Parameters in body: {}
Started GET /posts for :: ::1 at Tue Mar 12 2024 11:25:21 GMT-0300 (Chile Summer Time)
  Parameters in body: {}
Completed: 304 message:  Time response: 40 ms Request ID: [7ecae2ac-64d2-423b-9a67-52a1e9c95cd2]

Completed: 304 message:  Time response: 4 ms Request ID: [f7d8a468-bfd1-4e54-82e8-384e553b339c]

Started PUT /posts/like/5 for :: ::1 at Tue Mar 12 2024 11:25:23 GMT-0300 (Chile Summer Time)
  Parameters in body: {}
Completed: 500 message:  Time response: 3 ms Request ID: [970ab008-14cb-4e91-854f-79fa24813d1c]

Started PUT /posts/like/5 for :: ::1 at Tue Mar 12 2024 11:25:25 GMT-0300 (Chile Summer Time)
  Parameters in body: {}
Completed: 500 message:  Time response: 3 ms Request ID: [3580a017-0dd0-48e0-a520-e4173e4c8a05]

Started PUT /posts/like/5 for :: ::1 at Tue Mar 12 2024 11:25:26 GMT-0300 (Chile Summer Time)
  Parameters in body: {}
Completed: 500 message:  Time response: 2 ms Request ID: [156edf2c-7f0c-4965-a282-cf8f96a7ef2e]

Started GET /posts for :: ::1 at Tue Mar 12 2024 11:27:30 GMT-0300 (Chile Summer Time)
  Parameters in body: {}
Started GET /posts for :: ::1 at Tue Mar 12 2024 11:27:30 GMT-0300 (Chile Summer Time)
  Parameters in body: {}
Completed: 304 message:  Time response: 39 ms Request ID: [ff977b97-18de-4d5b-bbe4-3b6cd3ad75d3]

Completed: 304 message:  Time response: 3 ms Request ID: [b2e38f52-ff8d-4082-b49a-359b1b510eac]

Started PUT /posts/like/5 for :: ::1 at Tue Mar 12 2024 11:27:32 GMT-0300 (Chile Summer Time)
  Parameters in body: {}
Completed: 200 message:  Time response: 5 ms Request ID: [72ddd821-3ee3-44f0-a631-c3299aff1d3a]

Started POST /posts for :: ::1 at Tue Mar 12 2024 11:27:59 GMT-0300 (Chile Summer Time)
  Parameters in body: {"titulo":"otro nuevo post","img":"sdfsdf","descripcion":"sdfsdf"}
Completed: 200 message:  Time response: 32 ms Request ID: [283f5197-57bc-4fa5-988b-165458b00e86]

Started PUT /posts/like/6 for :: ::1 at Tue Mar 12 2024 11:28:14 GMT-0300 (Chile Summer Time)
  Parameters in body: {}
Completed: 200 message:  Time response: 35 ms Request ID: [12e49dbe-1433-4843-817e-d6dc2f0fbf5a]

Started PUT /posts/like/6 for :: ::1 at Tue Mar 12 2024 11:28:14 GMT-0300 (Chile Summer Time)
  Parameters in body: {}
Completed: 200 message:  Time response: 4 ms Request ID: [2d13728d-6610-4f1b-94b0-728051c16ca9]

Started PUT /posts/like/6 for :: ::1 at Tue Mar 12 2024 11:28:14 GMT-0300 (Chile Summer Time)
  Parameters in body: {}
Completed: 200 message:  Time response: 3 ms Request ID: [cc219ca1-3797-4190-85a8-192c52d6fcd3]

Started GET /posts for :: ::1 at Tue Mar 12 2024 11:29:28 GMT-0300 (Chile Summer Time)
  Parameters in body: {}
Started GET /posts for :: ::1 at Tue Mar 12 2024 11:29:28 GMT-0300 (Chile Summer Time)
  Parameters in body: {}
Completed: 200 message:  Time response: 42 ms Request ID: [a247c08d-ef27-498e-9090-32b5e7c59818]

Completed: 304 message:  Time response: 3 ms Request ID: [f449be12-7227-4d23-b8e2-8cb73c48054f]

Started PUT /posts/like/5 for :: ::1 at Tue Mar 12 2024 11:29:30 GMT-0300 (Chile Summer Time)
  Parameters in body: {}
Completed: 200 message:  Time response: 4 ms Request ID: [6e3528d8-5000-4076-acb0-860ba1bb575b]

Started PUT /posts/like/5 for :: ::1 at Tue Mar 12 2024 11:29:30 GMT-0300 (Chile Summer Time)
  Parameters in body: {}
Completed: 200 message:  Time response: 4 ms Request ID: [178efe83-f316-4b3e-a88b-1be01846a942]

Started PUT /posts/like/5 for :: ::1 at Tue Mar 12 2024 11:29:30 GMT-0300 (Chile Summer Time)
  Parameters in body: {}
Completed: 200 message:  Time response: 5 ms Request ID: [a4c437af-a8ff-4d34-b884-fe48e7f9a808]

Started PUT /posts/like/5 for :: ::1 at Tue Mar 12 2024 11:29:32 GMT-0300 (Chile Summer Time)
  Parameters in body: {}
Completed: 200 message:  Time response: 14 ms Request ID: [b10bdfd5-6d33-42f7-a0e5-435d2352a14b]

Started PUT /posts/like/5 for :: ::1 at Tue Mar 12 2024 11:29:33 GMT-0300 (Chile Summer Time)
  Parameters in body: {}
Completed: 200 message:  Time response: 13 ms Request ID: [a981679d-0fc9-4b5f-9ca5-96f2ada4f194]

Started GET /posts for :: ::1 at Tue Mar 12 2024 11:30:56 GMT-0300 (Chile Summer Time)
  Parameters in body: {}
Completed: 200 message:  Time response: 38 ms Request ID: [4e832133-7d25-44b1-ba50-c8024d3fa1c0]

Started GET /posts for :: ::1 at Tue Mar 12 2024 11:30:56 GMT-0300 (Chile Summer Time)
  Parameters in body: {}
Completed: 304 message:  Time response: 6 ms Request ID: [5cc9cc33-4198-4192-800e-f1f92dc8d07c]

Started PUT /posts/like/5 for :: ::1 at Tue Mar 12 2024 11:30:57 GMT-0300 (Chile Summer Time)
  Parameters in body: {}
Completed: 200 message:  Time response: 5 ms Request ID: [f10093c3-7b93-44cb-b4b4-5e3b0c1a3ec1]

Started PUT /posts/like/5 for :: ::1 at Tue Mar 12 2024 11:30:58 GMT-0300 (Chile Summer Time)
  Parameters in body: {}
Completed: 200 message:  Time response: 14 ms Request ID: [4977c500-88cb-4277-bdff-ac28017a91e1]

Started PUT /posts/like/5 for :: ::1 at Tue Mar 12 2024 11:30:59 GMT-0300 (Chile Summer Time)
  Parameters in body: {}
Completed: 200 message:  Time response: 13 ms Request ID: [6c90e451-39f3-45b3-b42e-c5edb86c5b5e]

Started PUT /posts/like/5 for :: ::1 at Tue Mar 12 2024 11:30:59 GMT-0300 (Chile Summer Time)
  Parameters in body: {}
Completed: 200 message:  Time response: 14 ms Request ID: [ffd78966-2ece-42b2-8c9a-f0d50c0db818]

Started GET /posts for :: ::1 at Tue Mar 12 2024 11:33:15 GMT-0300 (Chile Summer Time)
  Parameters in body: {}
Started GET /posts for :: ::1 at Tue Mar 12 2024 11:33:15 GMT-0300 (Chile Summer Time)
  Parameters in body: {}
Completed: 304 message:  Time response: 39 ms Request ID: [6e72de8e-3166-42cc-8534-275a8afc1e41]

Completed: 304 message:  Time response: 4 ms Request ID: [8a235e2d-b770-4504-a51c-93bbfd50f0a6]

Started PUT /posts/like/5 for :: ::1 at Tue Mar 12 2024 11:33:17 GMT-0300 (Chile Summer Time)
  Parameters in body: {}
Completed: 200 message:  Time response: 5 ms Request ID: [2e453362-9c5a-4ac4-bcf8-5b15cdd39b7d]

Started PUT /posts/like/6 for :: ::1 at Tue Mar 12 2024 11:33:36 GMT-0300 (Chile Summer Time)
  Parameters in body: {}
Completed: 200 message:  Time response: 39 ms Request ID: [63f7bcfa-c22b-4528-bbbb-ab20bd8a1843]

Started GET /posts for :: ::1 at Tue Mar 12 2024 11:36:44 GMT-0300 (Chile Summer Time)
  Parameters in body: {}
Completed: 200 message:  Time response: 39 ms Request ID: [4484511e-9630-4563-8668-96e6aa408389]

Started GET /posts for :: ::1 at Tue Mar 12 2024 11:36:44 GMT-0300 (Chile Summer Time)
  Parameters in body: {}
Completed: 304 message:  Time response: 4 ms Request ID: [bb61c5af-9c0b-4ef9-bfc5-ac31b7cb351b]

Started PUT /posts/like/6 for :: ::1 at Tue Mar 12 2024 11:36:46 GMT-0300 (Chile Summer Time)
  Parameters in body: {}
Completed: 200 message:  Time response: 7 ms Request ID: [940d730b-5f64-4cb0-91e0-4ef88fa7c3d5]

Started PUT /posts/like/6 for :: ::1 at Tue Mar 12 2024 11:36:46 GMT-0300 (Chile Summer Time)
  Parameters in body: {}
Completed: 200 message:  Time response: 13 ms Request ID: [8a7e0dba-fbe9-4447-aa11-96cfd4ed9b15]

Started PUT /posts/like/6 for :: ::1 at Tue Mar 12 2024 11:36:46 GMT-0300 (Chile Summer Time)
  Parameters in body: {}
Completed: 200 message:  Time response: 13 ms Request ID: [99b6b6c2-7368-45f3-80ae-4c9e2abbf1f5]

Started PUT /posts/like/6 for :: ::1 at Tue Mar 12 2024 11:37:52 GMT-0300 (Chile Summer Time)
  Parameters in body: {}
Completed: 200 message:  Time response: 40 ms Request ID: [e4559849-8f8a-47f7-b5ef-dfab966af3f9]

Started PUT /posts/like/6 for :: ::1 at Tue Mar 12 2024 11:37:52 GMT-0300 (Chile Summer Time)
  Parameters in body: {}
Completed: 200 message:  Time response: 4 ms Request ID: [eceb66c4-b758-4cba-af93-fa1e8d378b94]

Started GET /posts for :: ::1 at Tue Mar 12 2024 11:38:02 GMT-0300 (Chile Summer Time)
  Parameters in body: {}
Completed: 304 message:  Time response: 3 ms Request ID: [0e110737-dda1-4793-a961-7ed3331a3ae3]

Started GET /posts for :: ::1 at Tue Mar 12 2024 11:38:02 GMT-0300 (Chile Summer Time)
  Parameters in body: {}
Completed: 304 message:  Time response: 3 ms Request ID: [7e43d783-dcc7-4c09-9d9a-c679f1bf26b7]

Started PUT /posts/like/5 for :: ::1 at Tue Mar 12 2024 11:38:04 GMT-0300 (Chile Summer Time)
  Parameters in body: {}
Completed: 200 message:  Time response: 4 ms Request ID: [989f38e6-58b6-43ab-a1b9-6a33e4aee35a]

Started POST /posts/ for :: ::ffff:127.0.0.1 at Tue Mar 12 2024 11:39:32 GMT-0300 (Chile Summer Time)
  Parameters in body: {"id":4,"titulo":"hola","img":"imagen","descripcion":"ptrp","likes":0}
Completed: 200 message:  Time response: 31 ms Request ID: [9c784ab2-0d04-42cc-aa19-0f069cf6572d]

Started POST /posts/ for :: ::ffff:127.0.0.1 at Tue Mar 12 2024 11:40:01 GMT-0300 (Chile Summer Time)
  Parameters in body: {"id":4,"titulo":"hola","img":"imagen","descripcion":"ptrp"}
Completed: 200 message:  Time response: 46 ms Request ID: [26f0d9e9-e5ae-4245-8033-55f4bd9a4e7e]

Started PUT /posts/ for :: ::ffff:127.0.0.1 at Tue Mar 12 2024 11:40:23 GMT-0300 (Chile Summer Time)
  Parameters in body: {"id":4,"titulo":"hola","img":"imagen","descripcion":"ptrp"}
Completed: 404 message:  Time response: 3 ms Request ID: [49c0afb7-72da-4733-ae78-d186e0bc277f]

Started PUT /posts/likes/7 for :: ::ffff:127.0.0.1 at Tue Mar 12 2024 11:42:32 GMT-0300 (Chile Summer Time)
  Parameters in body: {"id":4,"titulo":"hola","img":"imagen","descripcion":"ptrp"}
Completed: 404 message:  Time response: 2 ms Request ID: [fb679162-7ba2-44d9-84a3-843ffb0c76b9]

Started DELETE /posts/6 for :: ::1 at Tue Mar 12 2024 11:44:54 GMT-0300 (Chile Summer Time)
  Parameters in body: {}
Completed: 200 message:  Time response: 37 ms Request ID: [3a3a5330-47c6-4f9f-aa3d-29de3b4350ae]

Started DELETE /posts/5 for :: ::1 at Tue Mar 12 2024 11:44:56 GMT-0300 (Chile Summer Time)
  Parameters in body: {}
Completed: 200 message:  Time response: 11 ms Request ID: [b4ea5671-5389-45af-81cc-322715a9c294]

Started GET /posts for :: ::1 at Tue Mar 12 2024 11:45:10 GMT-0300 (Chile Summer Time)
  Parameters in body: {}
Completed: 200 message:  Time response: 33 ms Request ID: [483cdd66-c449-494d-a545-aadfe9880113]

Started GET /posts for :: ::1 at Tue Mar 12 2024 11:45:10 GMT-0300 (Chile Summer Time)
  Parameters in body: {}
Completed: 304 message:  Time response: 3 ms Request ID: [2a4fcc70-89d9-4f64-b23d-93eea9c22ac2]

Started PUT /posts/like/8 for :: ::1 at Tue Mar 12 2024 11:45:16 GMT-0300 (Chile Summer Time)
  Parameters in body: {}
Completed: 200 message:  Time response: 4 ms Request ID: [0ac43aaf-05f4-4dcc-8165-67c169310351]

Started PUT /posts/like/7 for :: ::1 at Tue Mar 12 2024 11:45:21 GMT-0300 (Chile Summer Time)
  Parameters in body: {}
Completed: 200 message:  Time response: 4 ms Request ID: [626a3b26-6b51-4d0b-a8aa-2bcde284fcb6]

Started DELETE /posts/8 for :: ::1 at Tue Mar 12 2024 11:45:26 GMT-0300 (Chile Summer Time)
  Parameters in body: {}
Completed: 200 message:  Time response: 12 ms Request ID: [f0076558-6d19-4f3f-84d4-1bf88b257baa]

Started PUT /posts/like/2 for :: ::1 at Tue Mar 12 2024 11:51:34 GMT-0300 (Chile Summer Time)
  Parameters in body: {}
Completed: 404 message:  Time response: 35 ms Request ID: [138d513f-018a-4727-8e27-9ca3e467b1d2]

Started DELETE /posts/7 for :: ::1 at Tue Mar 12 2024 11:54:54 GMT-0300 (Chile Summer Time)
  Parameters in body: {}
Completed: 200 message:  Time response: 40 ms Request ID: [b3c0422f-b6f2-4c45-a95a-cc704cc85a21]

Started DELETE /posts/2 for :: ::1 at Tue Mar 12 2024 11:55:35 GMT-0300 (Chile Summer Time)
  Parameters in body: {}
Completed: 200 message:  Time response: 44 ms Request ID: [4456bc6c-0354-42c6-b044-c4671a5454dc]

Started POST /posts for :: ::1 at Tue Mar 12 2024 11:56:04 GMT-0300 (Chile Summer Time)
  Parameters in body: {"titulo":"Post 2","img":"otra Url","descripcion":"probando aun"}
Completed: 200 message:  Time response: 40 ms Request ID: [a23ca793-69b3-4d14-9e2a-8c825461122c]

Started GET /posts for :: ::1 at Tue Mar 12 2024 12:01:55 GMT-0300 (Chile Summer Time)
  Parameters in body: {}
Completed: 200 message:  Time response: 36 ms Request ID: [31020e5b-781c-4174-9f8f-8148e39e25ba]

Started GET /posts for :: ::1 at Tue Mar 12 2024 12:01:55 GMT-0300 (Chile Summer Time)
  Parameters in body: {}
Completed: 304 message:  Time response: 4 ms Request ID: [cc7dfe29-748f-463a-a71d-4d1576940ba5]

Started PUT /posts/like/9 for :: ::1 at Tue Mar 12 2024 12:02:04 GMT-0300 (Chile Summer Time)
  Parameters in body: {}
Completed: 200 message:  Time response: 6 ms Request ID: [c9732941-9ccb-4c49-8415-b7a07d8437c9]

Started PUT /posts/like/9 for :: ::1 at Tue Mar 12 2024 12:02:04 GMT-0300 (Chile Summer Time)
  Parameters in body: {}
Completed: 200 message:  Time response: 4 ms Request ID: [19e3b472-b675-447d-8a52-03716f2bd023]

Started PUT /posts/like/9 for :: ::1 at Tue Mar 12 2024 12:02:04 GMT-0300 (Chile Summer Time)
  Parameters in body: {}
Completed: 200 message:  Time response: 4 ms Request ID: [8555c943-bd1a-4fb8-af61-e54b6c41855a]

Started PUT /posts/like/9 for :: ::1 at Tue Mar 12 2024 12:02:04 GMT-0300 (Chile Summer Time)
  Parameters in body: {}
Completed: 200 message:  Time response: 3 ms Request ID: [3ed435b3-4233-48c2-b545-7125ed32866c]

Started PUT /posts/like/9 for :: ::1 at Tue Mar 12 2024 12:02:05 GMT-0300 (Chile Summer Time)
  Parameters in body: {}
Completed: 200 message:  Time response: 4 ms Request ID: [a850ea14-5e06-4ff5-b35e-4b16d9df08f5]

Started PUT /posts/like/9 for :: ::1 at Tue Mar 12 2024 12:02:05 GMT-0300 (Chile Summer Time)
  Parameters in body: {}
Completed: 200 message:  Time response: 3 ms Request ID: [a3b3c343-84ee-48aa-a550-ca74d9d16fc2]

Started GET /posts for :: ::1 at Tue Mar 12 2024 12:34:57 GMT-0300 (Chile Summer Time)
  Parameters in body: {}
Started GET /posts for :: ::1 at Tue Mar 12 2024 12:34:57 GMT-0300 (Chile Summer Time)
  Parameters in body: {}
Completed: 200 message:  Time response: 37 ms Request ID: [b728cce4-91f5-40a1-a7ee-ef05d29a04b9]

Completed: 304 message:  Time response: 3 ms Request ID: [83170a44-2f16-4aaf-a554-398a0d4bb0d2]

Started GET /posts for :: ::1 at Tue Mar 12 2024 12:49:48 GMT-0300 (Chile Summer Time)
  Parameters in body: {}
Completed: 304 message:  Time response: 41 ms Request ID: [65f2cafb-9085-400c-a6b3-30e1238d4dee]

Started GET /posts for :: ::1 at Tue Mar 12 2024 12:49:48 GMT-0300 (Chile Summer Time)
  Parameters in body: {}
Completed: 304 message:  Time response: 3 ms Request ID: [ce2b47ab-d225-4d8a-874d-6851fe2cc10b]

Started DELETE /posts/9 for :: ::1 at Tue Mar 12 2024 12:49:50 GMT-0300 (Chile Summer Time)
  Parameters in body: {}
Completed: 200 message:  Time response: 4 ms Request ID: [580cc68c-bff7-445e-998a-e3d33c2a445e]

Started DELETE /posts/1 for :: ::1 at Tue Mar 12 2024 12:49:51 GMT-0300 (Chile Summer Time)
  Parameters in body: {}
Completed: 200 message:  Time response: 3 ms Request ID: [ce0862d6-ae5e-4795-8f56-1f191d83e673]

Started POST /posts for :: ::1 at Tue Mar 12 2024 12:50:00 GMT-0300 (Chile Summer Time)
  Parameters in body: {"titulo":"Nuevo post","img":"hols","descripcion":"a ver"}
Completed: 200 message:  Time response: 3 ms Request ID: [d8eb0987-3905-48c1-9591-3e411bddda2e]

Started PUT /posts/like/10 for :: ::1 at Tue Mar 12 2024 12:50:01 GMT-0300 (Chile Summer Time)
  Parameters in body: {}
Completed: 200 message:  Time response: 34 ms Request ID: [9fcc5ade-7bd1-4129-93ad-dd78bca378b2]

Started PUT /posts/like/10 for :: ::1 at Tue Mar 12 2024 12:50:02 GMT-0300 (Chile Summer Time)
  Parameters in body: {}
Completed: 200 message:  Time response: 6 ms Request ID: [9638ec37-7a77-44be-bdfb-9f0b39213833]

Started PUT /posts/like/10 for :: ::1 at Tue Mar 12 2024 12:50:02 GMT-0300 (Chile Summer Time)
  Parameters in body: {}
Completed: 200 message:  Time response: 4 ms Request ID: [76c535f4-4eae-4450-a04f-74d014e586d2]

Started GET /posts for :: ::1 at Tue Mar 12 2024 17:00:42 GMT-0300 (Chile Summer Time)
  Parameters in body: {}
Started GET /posts for :: ::1 at Tue Mar 12 2024 17:00:43 GMT-0300 (Chile Summer Time)
  Parameters in body: {}
Completed: 200 message:  Time response: 48 ms Request ID: [55b02f5d-2644-4c12-af4a-91939517e589]

Completed: 304 message:  Time response: 3 ms Request ID: [3e1e8f24-bffb-431e-8a36-11355de5842d]

Started DELETE /posts/10 for :: ::1 at Tue Mar 12 2024 17:00:44 GMT-0300 (Chile Summer Time)
  Parameters in body: {}
Completed: 200 message:  Time response: 6 ms Request ID: [d6a1e208-ee24-48ee-8827-35a0f9ac2df1]

Started POST /posts for :: ::1 at Tue Mar 12 2024 17:00:59 GMT-0300 (Chile Summer Time)
  Parameters in body: {"titulo":"otromas","img":"otromas","descripcion":"de nuevo"}
Completed: 200 message:  Time response: 33 ms Request ID: [3410e4fc-3a01-4dbd-8404-3139bf4afd53]

Started PUT /posts/like/11 for :: ::1 at Tue Mar 12 2024 17:01:00 GMT-0300 (Chile Summer Time)
  Parameters in body: {}
Completed: 200 message:  Time response: 41 ms Request ID: [6f383603-f2ef-47d5-bd90-178cc0492436]
